[2025-06-16 17:31:46] local.ERROR: SQLSTATE[HY000] [2002] Can't connect to local server through socket '/var/lib/mysql/mysql.sock' (2) (Connection: mysql, SQL: select * from `users` where `id` = 33 and `users`.`deleted_at` is null limit 1) {"exception":"[object] (Illuminate\\Database\\QueryException(code: 2002): SQLSTATE[HY000] [2002] Can't connect to local server through socket '/var/lib/mysql/mysql.sock' (2) (Connection: mysql, SQL: select * from `users` where `id` = 33 and `users`.`deleted_at` is null limit 1) at /home/sudiprij/vmsfg5.srijal.ca/framework/vendor/laravel/framework/src/Illuminate/Database/Connection.php:795)
[stacktrace]
#0 /home/sudiprij/vmsfg5.srijal.ca/framework/vendor/laravel/framework/src/Illuminate/Database/Connection.php(755): Illuminate\\Database\\Connection->runQueryCallback()
#1 /home/sudiprij/vmsfg5.srijal.ca/framework/vendor/laravel/framework/src/Illuminate/Database/Connection.php(407): Illuminate\\Database\\Connection->run()
#2 /home/sudiprij/vmsfg5.srijal.ca/framework/vendor/laravel/framework/src/Illuminate/Database/Query/Builder.php(2747): Illuminate\\Database\\Connection->select()
#3 /home/sudiprij/vmsfg5.srijal.ca/framework/vendor/laravel/framework/src/Illuminate/Database/Query/Builder.php(2736): Illuminate\\Database\\Query\\Builder->runSelect()
#4 /home/sudiprij/vmsfg5.srijal.ca/framework/vendor/laravel/framework/src/Illuminate/Database/Query/Builder.php(3290): Illuminate\\Database\\Query\\Builder->Illuminate\\Database\\Query\\{closure}()
#5 /home/sudiprij/vmsfg5.srijal.ca/framework/vendor/laravel/framework/src/Illuminate/Database/Query/Builder.php(2735): Illuminate\\Database\\Query\\Builder->onceWithColumns()
#6 /home/sudiprij/vmsfg5.srijal.ca/framework/vendor/laravel/framework/src/Illuminate/Database/Eloquent/Builder.php(720): Illuminate\\Database\\Query\\Builder->get()
#7 /home/sudiprij/vmsfg5.srijal.ca/framework/vendor/laravel/framework/src/Illuminate/Database/Eloquent/Builder.php(704): Illuminate\\Database\\Eloquent\\Builder->getModels()
#8 /home/sudiprij/vmsfg5.srijal.ca/framework/vendor/laravel/framework/src/Illuminate/Database/Concerns/BuildsQueries.php(296): Illuminate\\Database\\Eloquent\\Builder->get()
#9 /home/sudiprij/vmsfg5.srijal.ca/framework/vendor/laravel/framework/src/Illuminate/Auth/EloquentUserProvider.php(59): Illuminate\\Database\\Eloquent\\Builder->first()
#10 /home/sudiprij/vmsfg5.srijal.ca/framework/vendor/laravel/framework/src/Illuminate/Auth/SessionGuard.php(159): Illuminate\\Auth\\EloquentUserProvider->retrieveById()
#11 /home/sudiprij/vmsfg5.srijal.ca/framework/vendor/laravel/framework/src/Illuminate/Auth/GuardHelpers.php(60): Illuminate\\Auth\\SessionGuard->user()
#12 /home/sudiprij/vmsfg5.srijal.ca/framework/vendor/laravel/framework/src/Illuminate/Auth/Middleware/Authenticate.php(76): Illuminate\\Auth\\SessionGuard->check()
#13 /home/sudiprij/vmsfg5.srijal.ca/framework/vendor/laravel/framework/src/Illuminate/Auth/Middleware/Authenticate.php(55): Illuminate\\Auth\\Middleware\\Authenticate->authenticate()
#14 /home/sudiprij/vmsfg5.srijal.ca/framework/vendor/laravel/framework/src/Illuminate/Pipeline/Pipeline.php(180): Illuminate\\Auth\\Middleware\\Authenticate->handle()
#15 /home/sudiprij/vmsfg5.srijal.ca/framework/vendor/laravel/framework/src/Illuminate/Foundation/Http/Middleware/VerifyCsrfToken.php(78): Illuminate\\Pipeline\\Pipeline->Illuminate\\Pipeline\\{closure}()
#16 /home/sudiprij/vmsfg5.srijal.ca/framework/vendor/laravel/framework/src/Illuminate/Pipeline/Pipeline.php(180): Illuminate\\Foundation\\Http\\Middleware\\VerifyCsrfToken->handle()
#17 /home/sudiprij/vmsfg5.srijal.ca/framework/vendor/laravel/framework/src/Illuminate/View/Middleware/ShareErrorsFromSession.php(49): Illuminate\\Pipeline\\Pipeline->Illuminate\\Pipeline\\{closure}()
#18 /home/sudiprij/vmsfg5.srijal.ca/framework/vendor/laravel/framework/src/Illuminate/Pipeline/Pipeline.php(180): Illuminate\\View\\Middleware\\ShareErrorsFromSession->handle()
#19 /home/sudiprij/vmsfg5.srijal.ca/framework/vendor/laravel/framework/src/Illuminate/Session/Middleware/StartSession.php(121): Illuminate\\Pipeline\\Pipeline->Illuminate\\Pipeline\\{closure}()
#20 /home/sudiprij/vmsfg5.srijal.ca/framework/vendor/laravel/framework/src/Illuminate/Session/Middleware/StartSession.php(64): Illuminate\\Session\\Middleware\\StartSession->handleStatefulRequest()
#21 /home/sudiprij/vmsfg5.srijal.ca/framework/vendor/laravel/framework/src/Illuminate/Pipeline/Pipeline.php(180): Illuminate\\Session\\Middleware\\StartSession->handle()
#22 /home/sudiprij/vmsfg5.srijal.ca/framework/vendor/laravel/framework/src/Illuminate/Cookie/Middleware/AddQueuedCookiesToResponse.php(37): Illuminate\\Pipeline\\Pipeline->Illuminate\\Pipeline\\{closure}()
#23 /home/sudiprij/vmsfg5.srijal.ca/framework/vendor/laravel/framework/src/Illuminate/Pipeline/Pipeline.php(180): Illuminate\\Cookie\\Middleware\\AddQueuedCookiesToResponse->handle()
#24 /home/sudiprij/vmsfg5.srijal.ca/framework/vendor/laravel/framework/src/Illuminate/Cookie/Middleware/EncryptCookies.php(67): Illuminate\\Pipeline\\Pipeline->Illuminate\\Pipeline\\{closure}()
#25 /home/sudiprij/vmsfg5.srijal.ca/framework/vendor/laravel/framework/src/Illuminate/Pipeline/Pipeline.php(180): Illuminate\\Cookie\\Middleware\\EncryptCookies->handle()
#26 /home/sudiprij/vmsfg5.srijal.ca/framework/vendor/laravel/framework/src/Illuminate/Pipeline/Pipeline.php(116): Illuminate\\Pipeline\\Pipeline->Illuminate\\Pipeline\\{closure}()
#27 /home/sudiprij/vmsfg5.srijal.ca/framework/vendor/laravel/framework/src/Illuminate/Routing/Router.php(798): Illuminate\\Pipeline\\Pipeline->then()
#28 /home/sudiprij/vmsfg5.srijal.ca/framework/vendor/laravel/framework/src/Illuminate/Routing/Router.php(777): Illuminate\\Routing\\Router->runRouteWithinStack()
#29 /home/sudiprij/vmsfg5.srijal.ca/framework/vendor/laravel/framework/src/Illuminate/Routing/Router.php(741): Illuminate\\Routing\\Router->runRoute()
#30 /home/sudiprij/vmsfg5.srijal.ca/framework/vendor/laravel/framework/src/Illuminate/Routing/Router.php(730): Illuminate\\Routing\\Router->dispatchToRoute()
#31 /home/sudiprij/vmsfg5.srijal.ca/framework/vendor/laravel/framework/src/Illuminate/Foundation/Http/Kernel.php(200): Illuminate\\Routing\\Router->dispatch()
#32 /home/sudiprij/vmsfg5.srijal.ca/framework/vendor/laravel/framework/src/Illuminate/Pipeline/Pipeline.php(141): Illuminate\\Foundation\\Http\\Kernel->Illuminate\\Foundation\\Http\\{closure}()
#33 /home/sudiprij/vmsfg5.srijal.ca/framework/vendor/laravel/framework/src/Illuminate/Foundation/Http/Middleware/TransformsRequest.php(21): Illuminate\\Pipeline\\Pipeline->Illuminate\\Pipeline\\{closure}()
#34 /home/sudiprij/vmsfg5.srijal.ca/framework/vendor/laravel/framework/src/Illuminate/Foundation/Http/Middleware/ConvertEmptyStringsToNull.php(31): Illuminate\\Foundation\\Http\\Middleware\\TransformsRequest->handle()
#35 /home/sudiprij/vmsfg5.srijal.ca/framework/vendor/laravel/framework/src/Illuminate/Pipeline/Pipeline.php(180): Illuminate\\Foundation\\Http\\Middleware\\ConvertEmptyStringsToNull->handle()
#36 /home/sudiprij/vmsfg5.srijal.ca/framework/vendor/laravel/framework/src/Illuminate/Foundation/Http/Middleware/TransformsRequest.php(21): Illuminate\\Pipeline\\Pipeline->Illuminate\\Pipeline\\{closure}()
#37 /home/sudiprij/vmsfg5.srijal.ca/framework/vendor/laravel/framework/src/Illuminate/Foundation/Http/Middleware/TrimStrings.php(40): Illuminate\\Foundation\\Http\\Middleware\\TransformsRequest->handle()
#38 /home/sudiprij/vmsfg5.srijal.ca/framework/vendor/laravel/framework/src/Illuminate/Pipeline/Pipeline.php(180): Illuminate\\Foundation\\Http\\Middleware\\TrimStrings->handle()
#39 /home/sudiprij/vmsfg5.srijal.ca/framework/vendor/laravel/framework/src/Illuminate/Foundation/Http/Middleware/ValidatePostSize.php(27): Illuminate\\Pipeline\\Pipeline->Illuminate\\Pipeline\\{closure}()
#40 /home/sudiprij/vmsfg5.srijal.ca/framework/vendor/laravel/framework/src/Illuminate/Pipeline/Pipeline.php(180): Illuminate\\Foundation\\Http\\Middleware\\ValidatePostSize->handle()
#41 /home/sudiprij/vmsfg5.srijal.ca/framework/vendor/laravel/framework/src/Illuminate/Foundation/Http/Middleware/PreventRequestsDuringMaintenance.php(86): Illuminate\\Pipeline\\Pipeline->Illuminate\\Pipeline\\{closure}()
#42 /home/sudiprij/vmsfg5.srijal.ca/framework/vendor/laravel/framework/src/Illuminate/Pipeline/Pipeline.php(180): Illuminate\\Foundation\\Http\\Middleware\\PreventRequestsDuringMaintenance->handle()
#43 /home/sudiprij/vmsfg5.srijal.ca/framework/vendor/laravel/framework/src/Illuminate/Pipeline/Pipeline.php(116): Illuminate\\Pipeline\\Pipeline->Illuminate\\Pipeline\\{closure}()
#44 /home/sudiprij/vmsfg5.srijal.ca/framework/vendor/laravel/framework/src/Illuminate/Foundation/Http/Kernel.php(175): Illuminate\\Pipeline\\Pipeline->then()
#45 /home/sudiprij/vmsfg5.srijal.ca/framework/vendor/laravel/framework/src/Illuminate/Foundation/Http/Kernel.php(144): Illuminate\\Foundation\\Http\\Kernel->sendRequestThroughRouter()
#46 /home/sudiprij/vmsfg5.srijal.ca/index.php(5): Illuminate\\Foundation\\Http\\Kernel->handle()
#47 {main}

[previous exception] [object] (PDOException(code: 2002): SQLSTATE[HY000] [2002] Can't connect to local server through socket '/var/lib/mysql/mysql.sock' (2) at /home/sudiprij/vmsfg5.srijal.ca/framework/vendor/laravel/framework/src/Illuminate/Database/Connectors/Connector.php:65)
[stacktrace]
#0 /home/sudiprij/vmsfg5.srijal.ca/framework/vendor/laravel/framework/src/Illuminate/Database/Connectors/Connector.php(65): PDO->__construct()
#1 /home/sudiprij/vmsfg5.srijal.ca/framework/vendor/laravel/framework/src/Illuminate/Database/Connectors/Connector.php(44): Illuminate\\Database\\Connectors\\Connector->createPdoConnection()
#2 /home/sudiprij/vmsfg5.srijal.ca/framework/vendor/laravel/framework/src/Illuminate/Database/Connectors/MySqlConnector.php(24): Illuminate\\Database\\Connectors\\Connector->createConnection()
#3 /home/sudiprij/vmsfg5.srijal.ca/framework/vendor/laravel/framework/src/Illuminate/Database/Connectors/ConnectionFactory.php(184): Illuminate\\Database\\Connectors\\MySqlConnector->connect()
#4 [internal function]: Illuminate\\Database\\Connectors\\ConnectionFactory->Illuminate\\Database\\Connectors\\{closure}()
#5 /home/sudiprij/vmsfg5.srijal.ca/framework/vendor/laravel/framework/src/Illuminate/Database/Connection.php(1275): call_user_func()
#6 /home/sudiprij/vmsfg5.srijal.ca/framework/vendor/laravel/framework/src/Illuminate/Database/Connection.php(1311): Illuminate\\Database\\Connection->getPdo()
#7 /home/sudiprij/vmsfg5.srijal.ca/framework/vendor/laravel/framework/src/Illuminate/Database/Connection.php(521): Illuminate\\Database\\Connection->getReadPdo()
#8 /home/sudiprij/vmsfg5.srijal.ca/framework/vendor/laravel/framework/src/Illuminate/Database/Connection.php(416): Illuminate\\Database\\Connection->getPdoForSelect()
#9 /home/sudiprij/vmsfg5.srijal.ca/framework/vendor/laravel/framework/src/Illuminate/Database/Connection.php(788): Illuminate\\Database\\Connection->Illuminate\\Database\\{closure}()
#10 /home/sudiprij/vmsfg5.srijal.ca/framework/vendor/laravel/framework/src/Illuminate/Database/Connection.php(755): Illuminate\\Database\\Connection->runQueryCallback()
#11 /home/sudiprij/vmsfg5.srijal.ca/framework/vendor/laravel/framework/src/Illuminate/Database/Connection.php(407): Illuminate\\Database\\Connection->run()
#12 /home/sudiprij/vmsfg5.srijal.ca/framework/vendor/laravel/framework/src/Illuminate/Database/Query/Builder.php(2747): Illuminate\\Database\\Connection->select()
#13 /home/sudiprij/vmsfg5.srijal.ca/framework/vendor/laravel/framework/src/Illuminate/Database/Query/Builder.php(2736): Illuminate\\Database\\Query\\Builder->runSelect()
#14 /home/sudiprij/vmsfg5.srijal.ca/framework/vendor/laravel/framework/src/Illuminate/Database/Query/Builder.php(3290): Illuminate\\Database\\Query\\Builder->Illuminate\\Database\\Query\\{closure}()
#15 /home/sudiprij/vmsfg5.srijal.ca/framework/vendor/laravel/framework/src/Illuminate/Database/Query/Builder.php(2735): Illuminate\\Database\\Query\\Builder->onceWithColumns()
#16 /home/sudiprij/vmsfg5.srijal.ca/framework/vendor/laravel/framework/src/Illuminate/Database/Eloquent/Builder.php(720): Illuminate\\Database\\Query\\Builder->get()
#17 /home/sudiprij/vmsfg5.srijal.ca/framework/vendor/laravel/framework/src/Illuminate/Database/Eloquent/Builder.php(704): Illuminate\\Database\\Eloquent\\Builder->getModels()
#18 /home/sudiprij/vmsfg5.srijal.ca/framework/vendor/laravel/framework/src/Illuminate/Database/Concerns/BuildsQueries.php(296): Illuminate\\Database\\Eloquent\\Builder->get()
#19 /home/sudiprij/vmsfg5.srijal.ca/framework/vendor/laravel/framework/src/Illuminate/Auth/EloquentUserProvider.php(59): Illuminate\\Database\\Eloquent\\Builder->first()
#20 /home/sudiprij/vmsfg5.srijal.ca/framework/vendor/laravel/framework/src/Illuminate/Auth/SessionGuard.php(159): Illuminate\\Auth\\EloquentUserProvider->retrieveById()
#21 /home/sudiprij/vmsfg5.srijal.ca/framework/vendor/laravel/framework/src/Illuminate/Auth/GuardHelpers.php(60): Illuminate\\Auth\\SessionGuard->user()
#22 /home/sudiprij/vmsfg5.srijal.ca/framework/vendor/laravel/framework/src/Illuminate/Auth/Middleware/Authenticate.php(76): Illuminate\\Auth\\SessionGuard->check()
#23 /home/sudiprij/vmsfg5.srijal.ca/framework/vendor/laravel/framework/src/Illuminate/Auth/Middleware/Authenticate.php(55): Illuminate\\Auth\\Middleware\\Authenticate->authenticate()
#24 /home/sudiprij/vmsfg5.srijal.ca/framework/vendor/laravel/framework/src/Illuminate/Pipeline/Pipeline.php(180): Illuminate\\Auth\\Middleware\\Authenticate->handle()
#25 /home/sudiprij/vmsfg5.srijal.ca/framework/vendor/laravel/framework/src/Illuminate/Foundation/Http/Middleware/VerifyCsrfToken.php(78): Illuminate\\Pipeline\\Pipeline->Illuminate\\Pipeline\\{closure}()
#26 /home/sudiprij/vmsfg5.srijal.ca/framework/vendor/laravel/framework/src/Illuminate/Pipeline/Pipeline.php(180): Illuminate\\Foundation\\Http\\Middleware\\VerifyCsrfToken->handle()
#27 /home/sudiprij/vmsfg5.srijal.ca/framework/vendor/laravel/framework/src/Illuminate/View/Middleware/ShareErrorsFromSession.php(49): Illuminate\\Pipeline\\Pipeline->Illuminate\\Pipeline\\{closure}()
#28 /home/sudiprij/vmsfg5.srijal.ca/framework/vendor/laravel/framework/src/Illuminate/Pipeline/Pipeline.php(180): Illuminate\\View\\Middleware\\ShareErrorsFromSession->handle()
#29 /home/sudiprij/vmsfg5.srijal.ca/framework/vendor/laravel/framework/src/Illuminate/Session/Middleware/StartSession.php(121): Illuminate\\Pipeline\\Pipeline->Illuminate\\Pipeline\\{closure}()
#30 /home/sudiprij/vmsfg5.srijal.ca/framework/vendor/laravel/framework/src/Illuminate/Session/Middleware/StartSession.php(64): Illuminate\\Session\\Middleware\\StartSession->handleStatefulRequest()
#31 /home/sudiprij/vmsfg5.srijal.ca/framework/vendor/laravel/framework/src/Illuminate/Pipeline/Pipeline.php(180): Illuminate\\Session\\Middleware\\StartSession->handle()
#32 /home/sudiprij/vmsfg5.srijal.ca/framework/vendor/laravel/framework/src/Illuminate/Cookie/Middleware/AddQueuedCookiesToResponse.php(37): Illuminate\\Pipeline\\Pipeline->Illuminate\\Pipeline\\{closure}()
#33 /home/sudiprij/vmsfg5.srijal.ca/framework/vendor/laravel/framework/src/Illuminate/Pipeline/Pipeline.php(180): Illuminate\\Cookie\\Middleware\\AddQueuedCookiesToResponse->handle()
#34 /home/sudiprij/vmsfg5.srijal.ca/framework/vendor/laravel/framework/src/Illuminate/Cookie/Middleware/EncryptCookies.php(67): Illuminate\\Pipeline\\Pipeline->Illuminate\\Pipeline\\{closure}()
#35 /home/sudiprij/vmsfg5.srijal.ca/framework/vendor/laravel/framework/src/Illuminate/Pipeline/Pipeline.php(180): Illuminate\\Cookie\\Middleware\\EncryptCookies->handle()
#36 /home/sudiprij/vmsfg5.srijal.ca/framework/vendor/laravel/framework/src/Illuminate/Pipeline/Pipeline.php(116): Illuminate\\Pipeline\\Pipeline->Illuminate\\Pipeline\\{closure}()
#37 /home/sudiprij/vmsfg5.srijal.ca/framework/vendor/laravel/framework/src/Illuminate/Routing/Router.php(798): Illuminate\\Pipeline\\Pipeline->then()
#38 /home/sudiprij/vmsfg5.srijal.ca/framework/vendor/laravel/framework/src/Illuminate/Routing/Router.php(777): Illuminate\\Routing\\Router->runRouteWithinStack()
#39 /home/sudiprij/vmsfg5.srijal.ca/framework/vendor/laravel/framework/src/Illuminate/Routing/Router.php(741): Illuminate\\Routing\\Router->runRoute()
#40 /home/sudiprij/vmsfg5.srijal.ca/framework/vendor/laravel/framework/src/Illuminate/Routing/Router.php(730): Illuminate\\Routing\\Router->dispatchToRoute()
#41 /home/sudiprij/vmsfg5.srijal.ca/framework/vendor/laravel/framework/src/Illuminate/Foundation/Http/Kernel.php(200): Illuminate\\Routing\\Router->dispatch()
#42 /home/sudiprij/vmsfg5.srijal.ca/framework/vendor/laravel/framework/src/Illuminate/Pipeline/Pipeline.php(141): Illuminate\\Foundation\\Http\\Kernel->Illuminate\\Foundation\\Http\\{closure}()
#43 /home/sudiprij/vmsfg5.srijal.ca/framework/vendor/laravel/framework/src/Illuminate/Foundation/Http/Middleware/TransformsRequest.php(21): Illuminate\\Pipeline\\Pipeline->Illuminate\\Pipeline\\{closure}()
#44 /home/sudiprij/vmsfg5.srijal.ca/framework/vendor/laravel/framework/src/Illuminate/Foundation/Http/Middleware/ConvertEmptyStringsToNull.php(31): Illuminate\\Foundation\\Http\\Middleware\\TransformsRequest->handle()
#45 /home/sudiprij/vmsfg5.srijal.ca/framework/vendor/laravel/framework/src/Illuminate/Pipeline/Pipeline.php(180): Illuminate\\Foundation\\Http\\Middleware\\ConvertEmptyStringsToNull->handle()
#46 /home/sudiprij/vmsfg5.srijal.ca/framework/vendor/laravel/framework/src/Illuminate/Foundation/Http/Middleware/TransformsRequest.php(21): Illuminate\\Pipeline\\Pipeline->Illuminate\\Pipeline\\{closure}()
#47 /home/sudiprij/vmsfg5.srijal.ca/framework/vendor/laravel/framework/src/Illuminate/Foundation/Http/Middleware/TrimStrings.php(40): Illuminate\\Foundation\\Http\\Middleware\\TransformsRequest->handle()
#48 /home/sudiprij/vmsfg5.srijal.ca/framework/vendor/laravel/framework/src/Illuminate/Pipeline/Pipeline.php(180): Illuminate\\Foundation\\Http\\Middleware\\TrimStrings->handle()
#49 /home/sudiprij/vmsfg5.srijal.ca/framework/vendor/laravel/framework/src/Illuminate/Foundation/Http/Middleware/ValidatePostSize.php(27): Illuminate\\Pipeline\\Pipeline->Illuminate\\Pipeline\\{closure}()
#50 /home/sudiprij/vmsfg5.srijal.ca/framework/vendor/laravel/framework/src/Illuminate/Pipeline/Pipeline.php(180): Illuminate\\Foundation\\Http\\Middleware\\ValidatePostSize->handle()
#51 /home/sudiprij/vmsfg5.srijal.ca/framework/vendor/laravel/framework/src/Illuminate/Foundation/Http/Middleware/PreventRequestsDuringMaintenance.php(86): Illuminate\\Pipeline\\Pipeline->Illuminate\\Pipeline\\{closure}()
#52 /home/sudiprij/vmsfg5.srijal.ca/framework/vendor/laravel/framework/src/Illuminate/Pipeline/Pipeline.php(180): Illuminate\\Foundation\\Http\\Middleware\\PreventRequestsDuringMaintenance->handle()
#53 /home/sudiprij/vmsfg5.srijal.ca/framework/vendor/laravel/framework/src/Illuminate/Pipeline/Pipeline.php(116): Illuminate\\Pipeline\\Pipeline->Illuminate\\Pipeline\\{closure}()
#54 /home/sudiprij/vmsfg5.srijal.ca/framework/vendor/laravel/framework/src/Illuminate/Foundation/Http/Kernel.php(175): Illuminate\\Pipeline\\Pipeline->then()
#55 /home/sudiprij/vmsfg5.srijal.ca/framework/vendor/laravel/framework/src/Illuminate/Foundation/Http/Kernel.php(144): Illuminate\\Foundation\\Http\\Kernel->sendRequestThroughRouter()
#56 /home/sudiprij/vmsfg5.srijal.ca/index.php(5): Illuminate\\Foundation\\Http\\Kernel->handle()
#57 {main}
"} 
[2025-06-16 17:31:51] local.ERROR: SQLSTATE[HY000] [2002] Can't connect to local server through socket '/var/lib/mysql/mysql.sock' (2) (Connection: mysql, SQL: select * from `users` where `id` = 33 and `users`.`deleted_at` is null limit 1) {"exception":"[object] (Illuminate\\Database\\QueryException(code: 2002): SQLSTATE[HY000] [2002] Can't connect to local server through socket '/var/lib/mysql/mysql.sock' (2) (Connection: mysql, SQL: select * from `users` where `id` = 33 and `users`.`deleted_at` is null limit 1) at /home/sudiprij/vmsfg5.srijal.ca/framework/vendor/laravel/framework/src/Illuminate/Database/Connection.php:795)
[stacktrace]
#0 /home/sudiprij/vmsfg5.srijal.ca/framework/vendor/laravel/framework/src/Illuminate/Database/Connection.php(755): Illuminate\\Database\\Connection->runQueryCallback()
#1 /home/sudiprij/vmsfg5.srijal.ca/framework/vendor/laravel/framework/src/Illuminate/Database/Connection.php(407): Illuminate\\Database\\Connection->run()
#2 /home/sudiprij/vmsfg5.srijal.ca/framework/vendor/laravel/framework/src/Illuminate/Database/Query/Builder.php(2747): Illuminate\\Database\\Connection->select()
#3 /home/sudiprij/vmsfg5.srijal.ca/framework/vendor/laravel/framework/src/Illuminate/Database/Query/Builder.php(2736): Illuminate\\Database\\Query\\Builder->runSelect()
#4 /home/sudiprij/vmsfg5.srijal.ca/framework/vendor/laravel/framework/src/Illuminate/Database/Query/Builder.php(3290): Illuminate\\Database\\Query\\Builder->Illuminate\\Database\\Query\\{closure}()
#5 /home/sudiprij/vmsfg5.srijal.ca/framework/vendor/laravel/framework/src/Illuminate/Database/Query/Builder.php(2735): Illuminate\\Database\\Query\\Builder->onceWithColumns()
#6 /home/sudiprij/vmsfg5.srijal.ca/framework/vendor/laravel/framework/src/Illuminate/Database/Eloquent/Builder.php(720): Illuminate\\Database\\Query\\Builder->get()
#7 /home/sudiprij/vmsfg5.srijal.ca/framework/vendor/laravel/framework/src/Illuminate/Database/Eloquent/Builder.php(704): Illuminate\\Database\\Eloquent\\Builder->getModels()
#8 /home/sudiprij/vmsfg5.srijal.ca/framework/vendor/laravel/framework/src/Illuminate/Database/Concerns/BuildsQueries.php(296): Illuminate\\Database\\Eloquent\\Builder->get()
#9 /home/sudiprij/vmsfg5.srijal.ca/framework/vendor/laravel/framework/src/Illuminate/Auth/EloquentUserProvider.php(59): Illuminate\\Database\\Eloquent\\Builder->first()
#10 /home/sudiprij/vmsfg5.srijal.ca/framework/vendor/laravel/framework/src/Illuminate/Auth/SessionGuard.php(159): Illuminate\\Auth\\EloquentUserProvider->retrieveById()
#11 /home/sudiprij/vmsfg5.srijal.ca/framework/vendor/laravel/framework/src/Illuminate/Auth/GuardHelpers.php(60): Illuminate\\Auth\\SessionGuard->user()
#12 /home/sudiprij/vmsfg5.srijal.ca/framework/vendor/laravel/framework/src/Illuminate/Auth/Middleware/Authenticate.php(76): Illuminate\\Auth\\SessionGuard->check()
#13 /home/sudiprij/vmsfg5.srijal.ca/framework/vendor/laravel/framework/src/Illuminate/Auth/Middleware/Authenticate.php(55): Illuminate\\Auth\\Middleware\\Authenticate->authenticate()
#14 /home/sudiprij/vmsfg5.srijal.ca/framework/vendor/laravel/framework/src/Illuminate/Pipeline/Pipeline.php(180): Illuminate\\Auth\\Middleware\\Authenticate->handle()
#15 /home/sudiprij/vmsfg5.srijal.ca/framework/vendor/laravel/framework/src/Illuminate/Foundation/Http/Middleware/VerifyCsrfToken.php(78): Illuminate\\Pipeline\\Pipeline->Illuminate\\Pipeline\\{closure}()
#16 /home/sudiprij/vmsfg5.srijal.ca/framework/vendor/laravel/framework/src/Illuminate/Pipeline/Pipeline.php(180): Illuminate\\Foundation\\Http\\Middleware\\VerifyCsrfToken->handle()
#17 /home/sudiprij/vmsfg5.srijal.ca/framework/vendor/laravel/framework/src/Illuminate/View/Middleware/ShareErrorsFromSession.php(49): Illuminate\\Pipeline\\Pipeline->Illuminate\\Pipeline\\{closure}()
#18 /home/sudiprij/vmsfg5.srijal.ca/framework/vendor/laravel/framework/src/Illuminate/Pipeline/Pipeline.php(180): Illuminate\\View\\Middleware\\ShareErrorsFromSession->handle()
#19 /home/sudiprij/vmsfg5.srijal.ca/framework/vendor/laravel/framework/src/Illuminate/Session/Middleware/StartSession.php(121): Illuminate\\Pipeline\\Pipeline->Illuminate\\Pipeline\\{closure}()
#20 /home/sudiprij/vmsfg5.srijal.ca/framework/vendor/laravel/framework/src/Illuminate/Session/Middleware/StartSession.php(64): Illuminate\\Session\\Middleware\\StartSession->handleStatefulRequest()
#21 /home/sudiprij/vmsfg5.srijal.ca/framework/vendor/laravel/framework/src/Illuminate/Pipeline/Pipeline.php(180): Illuminate\\Session\\Middleware\\StartSession->handle()
#22 /home/sudiprij/vmsfg5.srijal.ca/framework/vendor/laravel/framework/src/Illuminate/Cookie/Middleware/AddQueuedCookiesToResponse.php(37): Illuminate\\Pipeline\\Pipeline->Illuminate\\Pipeline\\{closure}()
#23 /home/sudiprij/vmsfg5.srijal.ca/framework/vendor/laravel/framework/src/Illuminate/Pipeline/Pipeline.php(180): Illuminate\\Cookie\\Middleware\\AddQueuedCookiesToResponse->handle()
#24 /home/sudiprij/vmsfg5.srijal.ca/framework/vendor/laravel/framework/src/Illuminate/Cookie/Middleware/EncryptCookies.php(67): Illuminate\\Pipeline\\Pipeline->Illuminate\\Pipeline\\{closure}()
#25 /home/sudiprij/vmsfg5.srijal.ca/framework/vendor/laravel/framework/src/Illuminate/Pipeline/Pipeline.php(180): Illuminate\\Cookie\\Middleware\\EncryptCookies->handle()
#26 /home/sudiprij/vmsfg5.srijal.ca/framework/vendor/laravel/framework/src/Illuminate/Pipeline/Pipeline.php(116): Illuminate\\Pipeline\\Pipeline->Illuminate\\Pipeline\\{closure}()
#27 /home/sudiprij/vmsfg5.srijal.ca/framework/vendor/laravel/framework/src/Illuminate/Routing/Router.php(798): Illuminate\\Pipeline\\Pipeline->then()
#28 /home/sudiprij/vmsfg5.srijal.ca/framework/vendor/laravel/framework/src/Illuminate/Routing/Router.php(777): Illuminate\\Routing\\Router->runRouteWithinStack()
#29 /home/sudiprij/vmsfg5.srijal.ca/framework/vendor/laravel/framework/src/Illuminate/Routing/Router.php(741): Illuminate\\Routing\\Router->runRoute()
#30 /home/sudiprij/vmsfg5.srijal.ca/framework/vendor/laravel/framework/src/Illuminate/Routing/Router.php(730): Illuminate\\Routing\\Router->dispatchToRoute()
#31 /home/sudiprij/vmsfg5.srijal.ca/framework/vendor/laravel/framework/src/Illuminate/Foundation/Http/Kernel.php(200): Illuminate\\Routing\\Router->dispatch()
#32 /home/sudiprij/vmsfg5.srijal.ca/framework/vendor/laravel/framework/src/Illuminate/Pipeline/Pipeline.php(141): Illuminate\\Foundation\\Http\\Kernel->Illuminate\\Foundation\\Http\\{closure}()
#33 /home/sudiprij/vmsfg5.srijal.ca/framework/vendor/laravel/framework/src/Illuminate/Foundation/Http/Middleware/TransformsRequest.php(21): Illuminate\\Pipeline\\Pipeline->Illuminate\\Pipeline\\{closure}()
#34 /home/sudiprij/vmsfg5.srijal.ca/framework/vendor/laravel/framework/src/Illuminate/Foundation/Http/Middleware/ConvertEmptyStringsToNull.php(31): Illuminate\\Foundation\\Http\\Middleware\\TransformsRequest->handle()
#35 /home/sudiprij/vmsfg5.srijal.ca/framework/vendor/laravel/framework/src/Illuminate/Pipeline/Pipeline.php(180): Illuminate\\Foundation\\Http\\Middleware\\ConvertEmptyStringsToNull->handle()
#36 /home/sudiprij/vmsfg5.srijal.ca/framework/vendor/laravel/framework/src/Illuminate/Foundation/Http/Middleware/TransformsRequest.php(21): Illuminate\\Pipeline\\Pipeline->Illuminate\\Pipeline\\{closure}()
#37 /home/sudiprij/vmsfg5.srijal.ca/framework/vendor/laravel/framework/src/Illuminate/Foundation/Http/Middleware/TrimStrings.php(40): Illuminate\\Foundation\\Http\\Middleware\\TransformsRequest->handle()
#38 /home/sudiprij/vmsfg5.srijal.ca/framework/vendor/laravel/framework/src/Illuminate/Pipeline/Pipeline.php(180): Illuminate\\Foundation\\Http\\Middleware\\TrimStrings->handle()
#39 /home/sudiprij/vmsfg5.srijal.ca/framework/vendor/laravel/framework/src/Illuminate/Foundation/Http/Middleware/ValidatePostSize.php(27): Illuminate\\Pipeline\\Pipeline->Illuminate\\Pipeline\\{closure}()
#40 /home/sudiprij/vmsfg5.srijal.ca/framework/vendor/laravel/framework/src/Illuminate/Pipeline/Pipeline.php(180): Illuminate\\Foundation\\Http\\Middleware\\ValidatePostSize->handle()
#41 /home/sudiprij/vmsfg5.srijal.ca/framework/vendor/laravel/framework/src/Illuminate/Foundation/Http/Middleware/PreventRequestsDuringMaintenance.php(86): Illuminate\\Pipeline\\Pipeline->Illuminate\\Pipeline\\{closure}()
#42 /home/sudiprij/vmsfg5.srijal.ca/framework/vendor/laravel/framework/src/Illuminate/Pipeline/Pipeline.php(180): Illuminate\\Foundation\\Http\\Middleware\\PreventRequestsDuringMaintenance->handle()
#43 /home/sudiprij/vmsfg5.srijal.ca/framework/vendor/laravel/framework/src/Illuminate/Pipeline/Pipeline.php(116): Illuminate\\Pipeline\\Pipeline->Illuminate\\Pipeline\\{closure}()
#44 /home/sudiprij/vmsfg5.srijal.ca/framework/vendor/laravel/framework/src/Illuminate/Foundation/Http/Kernel.php(175): Illuminate\\Pipeline\\Pipeline->then()
#45 /home/sudiprij/vmsfg5.srijal.ca/framework/vendor/laravel/framework/src/Illuminate/Foundation/Http/Kernel.php(144): Illuminate\\Foundation\\Http\\Kernel->sendRequestThroughRouter()
#46 /home/sudiprij/vmsfg5.srijal.ca/index.php(5): Illuminate\\Foundation\\Http\\Kernel->handle()
#47 {main}

[previous exception] [object] (PDOException(code: 2002): SQLSTATE[HY000] [2002] Can't connect to local server through socket '/var/lib/mysql/mysql.sock' (2) at /home/sudiprij/vmsfg5.srijal.ca/framework/vendor/laravel/framework/src/Illuminate/Database/Connectors/Connector.php:65)
[stacktrace]
#0 /home/sudiprij/vmsfg5.srijal.ca/framework/vendor/laravel/framework/src/Illuminate/Database/Connectors/Connector.php(65): PDO->__construct()
#1 /home/sudiprij/vmsfg5.srijal.ca/framework/vendor/laravel/framework/src/Illuminate/Database/Connectors/Connector.php(44): Illuminate\\Database\\Connectors\\Connector->createPdoConnection()
#2 /home/sudiprij/vmsfg5.srijal.ca/framework/vendor/laravel/framework/src/Illuminate/Database/Connectors/MySqlConnector.php(24): Illuminate\\Database\\Connectors\\Connector->createConnection()
#3 /home/sudiprij/vmsfg5.srijal.ca/framework/vendor/laravel/framework/src/Illuminate/Database/Connectors/ConnectionFactory.php(184): Illuminate\\Database\\Connectors\\MySqlConnector->connect()
#4 [internal function]: Illuminate\\Database\\Connectors\\ConnectionFactory->Illuminate\\Database\\Connectors\\{closure}()
#5 /home/sudiprij/vmsfg5.srijal.ca/framework/vendor/laravel/framework/src/Illuminate/Database/Connection.php(1275): call_user_func()
#6 /home/sudiprij/vmsfg5.srijal.ca/framework/vendor/laravel/framework/src/Illuminate/Database/Connection.php(1311): Illuminate\\Database\\Connection->getPdo()
#7 /home/sudiprij/vmsfg5.srijal.ca/framework/vendor/laravel/framework/src/Illuminate/Database/Connection.php(521): Illuminate\\Database\\Connection->getReadPdo()
#8 /home/sudiprij/vmsfg5.srijal.ca/framework/vendor/laravel/framework/src/Illuminate/Database/Connection.php(416): Illuminate\\Database\\Connection->getPdoForSelect()
#9 /home/sudiprij/vmsfg5.srijal.ca/framework/vendor/laravel/framework/src/Illuminate/Database/Connection.php(788): Illuminate\\Database\\Connection->Illuminate\\Database\\{closure}()
#10 /home/sudiprij/vmsfg5.srijal.ca/framework/vendor/laravel/framework/src/Illuminate/Database/Connection.php(755): Illuminate\\Database\\Connection->runQueryCallback()
#11 /home/sudiprij/vmsfg5.srijal.ca/framework/vendor/laravel/framework/src/Illuminate/Database/Connection.php(407): Illuminate\\Database\\Connection->run()
#12 /home/sudiprij/vmsfg5.srijal.ca/framework/vendor/laravel/framework/src/Illuminate/Database/Query/Builder.php(2747): Illuminate\\Database\\Connection->select()
#13 /home/sudiprij/vmsfg5.srijal.ca/framework/vendor/laravel/framework/src/Illuminate/Database/Query/Builder.php(2736): Illuminate\\Database\\Query\\Builder->runSelect()
#14 /home/sudiprij/vmsfg5.srijal.ca/framework/vendor/laravel/framework/src/Illuminate/Database/Query/Builder.php(3290): Illuminate\\Database\\Query\\Builder->Illuminate\\Database\\Query\\{closure}()
#15 /home/sudiprij/vmsfg5.srijal.ca/framework/vendor/laravel/framework/src/Illuminate/Database/Query/Builder.php(2735): Illuminate\\Database\\Query\\Builder->onceWithColumns()
#16 /home/sudiprij/vmsfg5.srijal.ca/framework/vendor/laravel/framework/src/Illuminate/Database/Eloquent/Builder.php(720): Illuminate\\Database\\Query\\Builder->get()
#17 /home/sudiprij/vmsfg5.srijal.ca/framework/vendor/laravel/framework/src/Illuminate/Database/Eloquent/Builder.php(704): Illuminate\\Database\\Eloquent\\Builder->getModels()
#18 /home/sudiprij/vmsfg5.srijal.ca/framework/vendor/laravel/framework/src/Illuminate/Database/Concerns/BuildsQueries.php(296): Illuminate\\Database\\Eloquent\\Builder->get()
#19 /home/sudiprij/vmsfg5.srijal.ca/framework/vendor/laravel/framework/src/Illuminate/Auth/EloquentUserProvider.php(59): Illuminate\\Database\\Eloquent\\Builder->first()
#20 /home/sudiprij/vmsfg5.srijal.ca/framework/vendor/laravel/framework/src/Illuminate/Auth/SessionGuard.php(159): Illuminate\\Auth\\EloquentUserProvider->retrieveById()
#21 /home/sudiprij/vmsfg5.srijal.ca/framework/vendor/laravel/framework/src/Illuminate/Auth/GuardHelpers.php(60): Illuminate\\Auth\\SessionGuard->user()
#22 /home/sudiprij/vmsfg5.srijal.ca/framework/vendor/laravel/framework/src/Illuminate/Auth/Middleware/Authenticate.php(76): Illuminate\\Auth\\SessionGuard->check()
#23 /home/sudiprij/vmsfg5.srijal.ca/framework/vendor/laravel/framework/src/Illuminate/Auth/Middleware/Authenticate.php(55): Illuminate\\Auth\\Middleware\\Authenticate->authenticate()
#24 /home/sudiprij/vmsfg5.srijal.ca/framework/vendor/laravel/framework/src/Illuminate/Pipeline/Pipeline.php(180): Illuminate\\Auth\\Middleware\\Authenticate->handle()
#25 /home/sudiprij/vmsfg5.srijal.ca/framework/vendor/laravel/framework/src/Illuminate/Foundation/Http/Middleware/VerifyCsrfToken.php(78): Illuminate\\Pipeline\\Pipeline->Illuminate\\Pipeline\\{closure}()
#26 /home/sudiprij/vmsfg5.srijal.ca/framework/vendor/laravel/framework/src/Illuminate/Pipeline/Pipeline.php(180): Illuminate\\Foundation\\Http\\Middleware\\VerifyCsrfToken->handle()
#27 /home/sudiprij/vmsfg5.srijal.ca/framework/vendor/laravel/framework/src/Illuminate/View/Middleware/ShareErrorsFromSession.php(49): Illuminate\\Pipeline\\Pipeline->Illuminate\\Pipeline\\{closure}()
#28 /home/sudiprij/vmsfg5.srijal.ca/framework/vendor/laravel/framework/src/Illuminate/Pipeline/Pipeline.php(180): Illuminate\\View\\Middleware\\ShareErrorsFromSession->handle()
#29 /home/sudiprij/vmsfg5.srijal.ca/framework/vendor/laravel/framework/src/Illuminate/Session/Middleware/StartSession.php(121): Illuminate\\Pipeline\\Pipeline->Illuminate\\Pipeline\\{closure}()
#30 /home/sudiprij/vmsfg5.srijal.ca/framework/vendor/laravel/framework/src/Illuminate/Session/Middleware/StartSession.php(64): Illuminate\\Session\\Middleware\\StartSession->handleStatefulRequest()
#31 /home/sudiprij/vmsfg5.srijal.ca/framework/vendor/laravel/framework/src/Illuminate/Pipeline/Pipeline.php(180): Illuminate\\Session\\Middleware\\StartSession->handle()
#32 /home/sudiprij/vmsfg5.srijal.ca/framework/vendor/laravel/framework/src/Illuminate/Cookie/Middleware/AddQueuedCookiesToResponse.php(37): Illuminate\\Pipeline\\Pipeline->Illuminate\\Pipeline\\{closure}()
#33 /home/sudiprij/vmsfg5.srijal.ca/framework/vendor/laravel/framework/src/Illuminate/Pipeline/Pipeline.php(180): Illuminate\\Cookie\\Middleware\\AddQueuedCookiesToResponse->handle()
#34 /home/sudiprij/vmsfg5.srijal.ca/framework/vendor/laravel/framework/src/Illuminate/Cookie/Middleware/EncryptCookies.php(67): Illuminate\\Pipeline\\Pipeline->Illuminate\\Pipeline\\{closure}()
#35 /home/sudiprij/vmsfg5.srijal.ca/framework/vendor/laravel/framework/src/Illuminate/Pipeline/Pipeline.php(180): Illuminate\\Cookie\\Middleware\\EncryptCookies->handle()
#36 /home/sudiprij/vmsfg5.srijal.ca/framework/vendor/laravel/framework/src/Illuminate/Pipeline/Pipeline.php(116): Illuminate\\Pipeline\\Pipeline->Illuminate\\Pipeline\\{closure}()
#37 /home/sudiprij/vmsfg5.srijal.ca/framework/vendor/laravel/framework/src/Illuminate/Routing/Router.php(798): Illuminate\\Pipeline\\Pipeline->then()
#38 /home/sudiprij/vmsfg5.srijal.ca/framework/vendor/laravel/framework/src/Illuminate/Routing/Router.php(777): Illuminate\\Routing\\Router->runRouteWithinStack()
#39 /home/sudiprij/vmsfg5.srijal.ca/framework/vendor/laravel/framework/src/Illuminate/Routing/Router.php(741): Illuminate\\Routing\\Router->runRoute()
#40 /home/sudiprij/vmsfg5.srijal.ca/framework/vendor/laravel/framework/src/Illuminate/Routing/Router.php(730): Illuminate\\Routing\\Router->dispatchToRoute()
#41 /home/sudiprij/vmsfg5.srijal.ca/framework/vendor/laravel/framework/src/Illuminate/Foundation/Http/Kernel.php(200): Illuminate\\Routing\\Router->dispatch()
#42 /home/sudiprij/vmsfg5.srijal.ca/framework/vendor/laravel/framework/src/Illuminate/Pipeline/Pipeline.php(141): Illuminate\\Foundation\\Http\\Kernel->Illuminate\\Foundation\\Http\\{closure}()
#43 /home/sudiprij/vmsfg5.srijal.ca/framework/vendor/laravel/framework/src/Illuminate/Foundation/Http/Middleware/TransformsRequest.php(21): Illuminate\\Pipeline\\Pipeline->Illuminate\\Pipeline\\{closure}()
#44 /home/sudiprij/vmsfg5.srijal.ca/framework/vendor/laravel/framework/src/Illuminate/Foundation/Http/Middleware/ConvertEmptyStringsToNull.php(31): Illuminate\\Foundation\\Http\\Middleware\\TransformsRequest->handle()
#45 /home/sudiprij/vmsfg5.srijal.ca/framework/vendor/laravel/framework/src/Illuminate/Pipeline/Pipeline.php(180): Illuminate\\Foundation\\Http\\Middleware\\ConvertEmptyStringsToNull->handle()
#46 /home/sudiprij/vmsfg5.srijal.ca/framework/vendor/laravel/framework/src/Illuminate/Foundation/Http/Middleware/TransformsRequest.php(21): Illuminate\\Pipeline\\Pipeline->Illuminate\\Pipeline\\{closure}()
#47 /home/sudiprij/vmsfg5.srijal.ca/framework/vendor/laravel/framework/src/Illuminate/Foundation/Http/Middleware/TrimStrings.php(40): Illuminate\\Foundation\\Http\\Middleware\\TransformsRequest->handle()
#48 /home/sudiprij/vmsfg5.srijal.ca/framework/vendor/laravel/framework/src/Illuminate/Pipeline/Pipeline.php(180): Illuminate\\Foundation\\Http\\Middleware\\TrimStrings->handle()
#49 /home/sudiprij/vmsfg5.srijal.ca/framework/vendor/laravel/framework/src/Illuminate/Foundation/Http/Middleware/ValidatePostSize.php(27): Illuminate\\Pipeline\\Pipeline->Illuminate\\Pipeline\\{closure}()
#50 /home/sudiprij/vmsfg5.srijal.ca/framework/vendor/laravel/framework/src/Illuminate/Pipeline/Pipeline.php(180): Illuminate\\Foundation\\Http\\Middleware\\ValidatePostSize->handle()
#51 /home/sudiprij/vmsfg5.srijal.ca/framework/vendor/laravel/framework/src/Illuminate/Foundation/Http/Middleware/PreventRequestsDuringMaintenance.php(86): Illuminate\\Pipeline\\Pipeline->Illuminate\\Pipeline\\{closure}()
#52 /home/sudiprij/vmsfg5.srijal.ca/framework/vendor/laravel/framework/src/Illuminate/Pipeline/Pipeline.php(180): Illuminate\\Foundation\\Http\\Middleware\\PreventRequestsDuringMaintenance->handle()
#53 /home/sudiprij/vmsfg5.srijal.ca/framework/vendor/laravel/framework/src/Illuminate/Pipeline/Pipeline.php(116): Illuminate\\Pipeline\\Pipeline->Illuminate\\Pipeline\\{closure}()
#54 /home/sudiprij/vmsfg5.srijal.ca/framework/vendor/laravel/framework/src/Illuminate/Foundation/Http/Kernel.php(175): Illuminate\\Pipeline\\Pipeline->then()
#55 /home/sudiprij/vmsfg5.srijal.ca/framework/vendor/laravel/framework/src/Illuminate/Foundation/Http/Kernel.php(144): Illuminate\\Foundation\\Http\\Kernel->sendRequestThroughRouter()
#56 /home/sudiprij/vmsfg5.srijal.ca/index.php(5): Illuminate\\Foundation\\Http\\Kernel->handle()
#57 {main}
"} 
[2025-06-16 17:31:59] local.ERROR: SQLSTATE[HY000] [2002] Can't connect to local server through socket '/var/lib/mysql/mysql.sock' (2) (Connection: mysql, SQL: select * from `users` where `id` = 33 and `users`.`deleted_at` is null limit 1) {"exception":"[object] (Illuminate\\Database\\QueryException(code: 2002): SQLSTATE[HY000] [2002] Can't connect to local server through socket '/var/lib/mysql/mysql.sock' (2) (Connection: mysql, SQL: select * from `users` where `id` = 33 and `users`.`deleted_at` is null limit 1) at /home/sudiprij/vmsfg5.srijal.ca/framework/vendor/laravel/framework/src/Illuminate/Database/Connection.php:795)
[stacktrace]
#0 /home/sudiprij/vmsfg5.srijal.ca/framework/vendor/laravel/framework/src/Illuminate/Database/Connection.php(755): Illuminate\\Database\\Connection->runQueryCallback()
#1 /home/sudiprij/vmsfg5.srijal.ca/framework/vendor/laravel/framework/src/Illuminate/Database/Connection.php(407): Illuminate\\Database\\Connection->run()
#2 /home/sudiprij/vmsfg5.srijal.ca/framework/vendor/laravel/framework/src/Illuminate/Database/Query/Builder.php(2747): Illuminate\\Database\\Connection->select()
#3 /home/sudiprij/vmsfg5.srijal.ca/framework/vendor/laravel/framework/src/Illuminate/Database/Query/Builder.php(2736): Illuminate\\Database\\Query\\Builder->runSelect()
#4 /home/sudiprij/vmsfg5.srijal.ca/framework/vendor/laravel/framework/src/Illuminate/Database/Query/Builder.php(3290): Illuminate\\Database\\Query\\Builder->Illuminate\\Database\\Query\\{closure}()
#5 /home/sudiprij/vmsfg5.srijal.ca/framework/vendor/laravel/framework/src/Illuminate/Database/Query/Builder.php(2735): Illuminate\\Database\\Query\\Builder->onceWithColumns()
#6 /home/sudiprij/vmsfg5.srijal.ca/framework/vendor/laravel/framework/src/Illuminate/Database/Eloquent/Builder.php(720): Illuminate\\Database\\Query\\Builder->get()
#7 /home/sudiprij/vmsfg5.srijal.ca/framework/vendor/laravel/framework/src/Illuminate/Database/Eloquent/Builder.php(704): Illuminate\\Database\\Eloquent\\Builder->getModels()
#8 /home/sudiprij/vmsfg5.srijal.ca/framework/vendor/laravel/framework/src/Illuminate/Database/Concerns/BuildsQueries.php(296): Illuminate\\Database\\Eloquent\\Builder->get()
#9 /home/sudiprij/vmsfg5.srijal.ca/framework/vendor/laravel/framework/src/Illuminate/Auth/EloquentUserProvider.php(59): Illuminate\\Database\\Eloquent\\Builder->first()
#10 /home/sudiprij/vmsfg5.srijal.ca/framework/vendor/laravel/framework/src/Illuminate/Auth/SessionGuard.php(159): Illuminate\\Auth\\EloquentUserProvider->retrieveById()
#11 /home/sudiprij/vmsfg5.srijal.ca/framework/vendor/laravel/framework/src/Illuminate/Auth/GuardHelpers.php(60): Illuminate\\Auth\\SessionGuard->user()
#12 /home/sudiprij/vmsfg5.srijal.ca/framework/vendor/laravel/framework/src/Illuminate/Auth/Middleware/Authenticate.php(76): Illuminate\\Auth\\SessionGuard->check()
#13 /home/sudiprij/vmsfg5.srijal.ca/framework/vendor/laravel/framework/src/Illuminate/Auth/Middleware/Authenticate.php(55): Illuminate\\Auth\\Middleware\\Authenticate->authenticate()
#14 /home/sudiprij/vmsfg5.srijal.ca/framework/vendor/laravel/framework/src/Illuminate/Pipeline/Pipeline.php(180): Illuminate\\Auth\\Middleware\\Authenticate->handle()
#15 /home/sudiprij/vmsfg5.srijal.ca/framework/vendor/laravel/framework/src/Illuminate/Foundation/Http/Middleware/VerifyCsrfToken.php(78): Illuminate\\Pipeline\\Pipeline->Illuminate\\Pipeline\\{closure}()
#16 /home/sudiprij/vmsfg5.srijal.ca/framework/vendor/laravel/framework/src/Illuminate/Pipeline/Pipeline.php(180): Illuminate\\Foundation\\Http\\Middleware\\VerifyCsrfToken->handle()
#17 /home/sudiprij/vmsfg5.srijal.ca/framework/vendor/laravel/framework/src/Illuminate/View/Middleware/ShareErrorsFromSession.php(49): Illuminate\\Pipeline\\Pipeline->Illuminate\\Pipeline\\{closure}()
#18 /home/sudiprij/vmsfg5.srijal.ca/framework/vendor/laravel/framework/src/Illuminate/Pipeline/Pipeline.php(180): Illuminate\\View\\Middleware\\ShareErrorsFromSession->handle()
#19 /home/sudiprij/vmsfg5.srijal.ca/framework/vendor/laravel/framework/src/Illuminate/Session/Middleware/StartSession.php(121): Illuminate\\Pipeline\\Pipeline->Illuminate\\Pipeline\\{closure}()
#20 /home/sudiprij/vmsfg5.srijal.ca/framework/vendor/laravel/framework/src/Illuminate/Session/Middleware/StartSession.php(64): Illuminate\\Session\\Middleware\\StartSession->handleStatefulRequest()
#21 /home/sudiprij/vmsfg5.srijal.ca/framework/vendor/laravel/framework/src/Illuminate/Pipeline/Pipeline.php(180): Illuminate\\Session\\Middleware\\StartSession->handle()
#22 /home/sudiprij/vmsfg5.srijal.ca/framework/vendor/laravel/framework/src/Illuminate/Cookie/Middleware/AddQueuedCookiesToResponse.php(37): Illuminate\\Pipeline\\Pipeline->Illuminate\\Pipeline\\{closure}()
#23 /home/sudiprij/vmsfg5.srijal.ca/framework/vendor/laravel/framework/src/Illuminate/Pipeline/Pipeline.php(180): Illuminate\\Cookie\\Middleware\\AddQueuedCookiesToResponse->handle()
#24 /home/sudiprij/vmsfg5.srijal.ca/framework/vendor/laravel/framework/src/Illuminate/Cookie/Middleware/EncryptCookies.php(67): Illuminate\\Pipeline\\Pipeline->Illuminate\\Pipeline\\{closure}()
#25 /home/sudiprij/vmsfg5.srijal.ca/framework/vendor/laravel/framework/src/Illuminate/Pipeline/Pipeline.php(180): Illuminate\\Cookie\\Middleware\\EncryptCookies->handle()
#26 /home/sudiprij/vmsfg5.srijal.ca/framework/vendor/laravel/framework/src/Illuminate/Pipeline/Pipeline.php(116): Illuminate\\Pipeline\\Pipeline->Illuminate\\Pipeline\\{closure}()
#27 /home/sudiprij/vmsfg5.srijal.ca/framework/vendor/laravel/framework/src/Illuminate/Routing/Router.php(798): Illuminate\\Pipeline\\Pipeline->then()
#28 /home/sudiprij/vmsfg5.srijal.ca/framework/vendor/laravel/framework/src/Illuminate/Routing/Router.php(777): Illuminate\\Routing\\Router->runRouteWithinStack()
#29 /home/sudiprij/vmsfg5.srijal.ca/framework/vendor/laravel/framework/src/Illuminate/Routing/Router.php(741): Illuminate\\Routing\\Router->runRoute()
#30 /home/sudiprij/vmsfg5.srijal.ca/framework/vendor/laravel/framework/src/Illuminate/Routing/Router.php(730): Illuminate\\Routing\\Router->dispatchToRoute()
#31 /home/sudiprij/vmsfg5.srijal.ca/framework/vendor/laravel/framework/src/Illuminate/Foundation/Http/Kernel.php(200): Illuminate\\Routing\\Router->dispatch()
#32 /home/sudiprij/vmsfg5.srijal.ca/framework/vendor/laravel/framework/src/Illuminate/Pipeline/Pipeline.php(141): Illuminate\\Foundation\\Http\\Kernel->Illuminate\\Foundation\\Http\\{closure}()
#33 /home/sudiprij/vmsfg5.srijal.ca/framework/vendor/laravel/framework/src/Illuminate/Foundation/Http/Middleware/TransformsRequest.php(21): Illuminate\\Pipeline\\Pipeline->Illuminate\\Pipeline\\{closure}()
#34 /home/sudiprij/vmsfg5.srijal.ca/framework/vendor/laravel/framework/src/Illuminate/Foundation/Http/Middleware/ConvertEmptyStringsToNull.php(31): Illuminate\\Foundation\\Http\\Middleware\\TransformsRequest->handle()
#35 /home/sudiprij/vmsfg5.srijal.ca/framework/vendor/laravel/framework/src/Illuminate/Pipeline/Pipeline.php(180): Illuminate\\Foundation\\Http\\Middleware\\ConvertEmptyStringsToNull->handle()
#36 /home/sudiprij/vmsfg5.srijal.ca/framework/vendor/laravel/framework/src/Illuminate/Foundation/Http/Middleware/TransformsRequest.php(21): Illuminate\\Pipeline\\Pipeline->Illuminate\\Pipeline\\{closure}()
#37 /home/sudiprij/vmsfg5.srijal.ca/framework/vendor/laravel/framework/src/Illuminate/Foundation/Http/Middleware/TrimStrings.php(40): Illuminate\\Foundation\\Http\\Middleware\\TransformsRequest->handle()
#38 /home/sudiprij/vmsfg5.srijal.ca/framework/vendor/laravel/framework/src/Illuminate/Pipeline/Pipeline.php(180): Illuminate\\Foundation\\Http\\Middleware\\TrimStrings->handle()
#39 /home/sudiprij/vmsfg5.srijal.ca/framework/vendor/laravel/framework/src/Illuminate/Foundation/Http/Middleware/ValidatePostSize.php(27): Illuminate\\Pipeline\\Pipeline->Illuminate\\Pipeline\\{closure}()
#40 /home/sudiprij/vmsfg5.srijal.ca/framework/vendor/laravel/framework/src/Illuminate/Pipeline/Pipeline.php(180): Illuminate\\Foundation\\Http\\Middleware\\ValidatePostSize->handle()
#41 /home/sudiprij/vmsfg5.srijal.ca/framework/vendor/laravel/framework/src/Illuminate/Foundation/Http/Middleware/PreventRequestsDuringMaintenance.php(86): Illuminate\\Pipeline\\Pipeline->Illuminate\\Pipeline\\{closure}()
#42 /home/sudiprij/vmsfg5.srijal.ca/framework/vendor/laravel/framework/src/Illuminate/Pipeline/Pipeline.php(180): Illuminate\\Foundation\\Http\\Middleware\\PreventRequestsDuringMaintenance->handle()
#43 /home/sudiprij/vmsfg5.srijal.ca/framework/vendor/laravel/framework/src/Illuminate/Pipeline/Pipeline.php(116): Illuminate\\Pipeline\\Pipeline->Illuminate\\Pipeline\\{closure}()
#44 /home/sudiprij/vmsfg5.srijal.ca/framework/vendor/laravel/framework/src/Illuminate/Foundation/Http/Kernel.php(175): Illuminate\\Pipeline\\Pipeline->then()
#45 /home/sudiprij/vmsfg5.srijal.ca/framework/vendor/laravel/framework/src/Illuminate/Foundation/Http/Kernel.php(144): Illuminate\\Foundation\\Http\\Kernel->sendRequestThroughRouter()
#46 /home/sudiprij/vmsfg5.srijal.ca/index.php(5): Illuminate\\Foundation\\Http\\Kernel->handle()
#47 {main}

[previous exception] [object] (PDOException(code: 2002): SQLSTATE[HY000] [2002] Can't connect to local server through socket '/var/lib/mysql/mysql.sock' (2) at /home/sudiprij/vmsfg5.srijal.ca/framework/vendor/laravel/framework/src/Illuminate/Database/Connectors/Connector.php:65)
[stacktrace]
#0 /home/sudiprij/vmsfg5.srijal.ca/framework/vendor/laravel/framework/src/Illuminate/Database/Connectors/Connector.php(65): PDO->__construct()
#1 /home/sudiprij/vmsfg5.srijal.ca/framework/vendor/laravel/framework/src/Illuminate/Database/Connectors/Connector.php(44): Illuminate\\Database\\Connectors\\Connector->createPdoConnection()
#2 /home/sudiprij/vmsfg5.srijal.ca/framework/vendor/laravel/framework/src/Illuminate/Database/Connectors/MySqlConnector.php(24): Illuminate\\Database\\Connectors\\Connector->createConnection()
#3 /home/sudiprij/vmsfg5.srijal.ca/framework/vendor/laravel/framework/src/Illuminate/Database/Connectors/ConnectionFactory.php(184): Illuminate\\Database\\Connectors\\MySqlConnector->connect()
#4 [internal function]: Illuminate\\Database\\Connectors\\ConnectionFactory->Illuminate\\Database\\Connectors\\{closure}()
#5 /home/sudiprij/vmsfg5.srijal.ca/framework/vendor/laravel/framework/src/Illuminate/Database/Connection.php(1275): call_user_func()
#6 /home/sudiprij/vmsfg5.srijal.ca/framework/vendor/laravel/framework/src/Illuminate/Database/Connection.php(1311): Illuminate\\Database\\Connection->getPdo()
#7 /home/sudiprij/vmsfg5.srijal.ca/framework/vendor/laravel/framework/src/Illuminate/Database/Connection.php(521): Illuminate\\Database\\Connection->getReadPdo()
#8 /home/sudiprij/vmsfg5.srijal.ca/framework/vendor/laravel/framework/src/Illuminate/Database/Connection.php(416): Illuminate\\Database\\Connection->getPdoForSelect()
#9 /home/sudiprij/vmsfg5.srijal.ca/framework/vendor/laravel/framework/src/Illuminate/Database/Connection.php(788): Illuminate\\Database\\Connection->Illuminate\\Database\\{closure}()
#10 /home/sudiprij/vmsfg5.srijal.ca/framework/vendor/laravel/framework/src/Illuminate/Database/Connection.php(755): Illuminate\\Database\\Connection->runQueryCallback()
#11 /home/sudiprij/vmsfg5.srijal.ca/framework/vendor/laravel/framework/src/Illuminate/Database/Connection.php(407): Illuminate\\Database\\Connection->run()
#12 /home/sudiprij/vmsfg5.srijal.ca/framework/vendor/laravel/framework/src/Illuminate/Database/Query/Builder.php(2747): Illuminate\\Database\\Connection->select()
#13 /home/sudiprij/vmsfg5.srijal.ca/framework/vendor/laravel/framework/src/Illuminate/Database/Query/Builder.php(2736): Illuminate\\Database\\Query\\Builder->runSelect()
#14 /home/sudiprij/vmsfg5.srijal.ca/framework/vendor/laravel/framework/src/Illuminate/Database/Query/Builder.php(3290): Illuminate\\Database\\Query\\Builder->Illuminate\\Database\\Query\\{closure}()
#15 /home/sudiprij/vmsfg5.srijal.ca/framework/vendor/laravel/framework/src/Illuminate/Database/Query/Builder.php(2735): Illuminate\\Database\\Query\\Builder->onceWithColumns()
#16 /home/sudiprij/vmsfg5.srijal.ca/framework/vendor/laravel/framework/src/Illuminate/Database/Eloquent/Builder.php(720): Illuminate\\Database\\Query\\Builder->get()
#17 /home/sudiprij/vmsfg5.srijal.ca/framework/vendor/laravel/framework/src/Illuminate/Database/Eloquent/Builder.php(704): Illuminate\\Database\\Eloquent\\Builder->getModels()
#18 /home/sudiprij/vmsfg5.srijal.ca/framework/vendor/laravel/framework/src/Illuminate/Database/Concerns/BuildsQueries.php(296): Illuminate\\Database\\Eloquent\\Builder->get()
#19 /home/sudiprij/vmsfg5.srijal.ca/framework/vendor/laravel/framework/src/Illuminate/Auth/EloquentUserProvider.php(59): Illuminate\\Database\\Eloquent\\Builder->first()
#20 /home/sudiprij/vmsfg5.srijal.ca/framework/vendor/laravel/framework/src/Illuminate/Auth/SessionGuard.php(159): Illuminate\\Auth\\EloquentUserProvider->retrieveById()
#21 /home/sudiprij/vmsfg5.srijal.ca/framework/vendor/laravel/framework/src/Illuminate/Auth/GuardHelpers.php(60): Illuminate\\Auth\\SessionGuard->user()
#22 /home/sudiprij/vmsfg5.srijal.ca/framework/vendor/laravel/framework/src/Illuminate/Auth/Middleware/Authenticate.php(76): Illuminate\\Auth\\SessionGuard->check()
#23 /home/sudiprij/vmsfg5.srijal.ca/framework/vendor/laravel/framework/src/Illuminate/Auth/Middleware/Authenticate.php(55): Illuminate\\Auth\\Middleware\\Authenticate->authenticate()
#24 /home/sudiprij/vmsfg5.srijal.ca/framework/vendor/laravel/framework/src/Illuminate/Pipeline/Pipeline.php(180): Illuminate\\Auth\\Middleware\\Authenticate->handle()
#25 /home/sudiprij/vmsfg5.srijal.ca/framework/vendor/laravel/framework/src/Illuminate/Foundation/Http/Middleware/VerifyCsrfToken.php(78): Illuminate\\Pipeline\\Pipeline->Illuminate\\Pipeline\\{closure}()
#26 /home/sudiprij/vmsfg5.srijal.ca/framework/vendor/laravel/framework/src/Illuminate/Pipeline/Pipeline.php(180): Illuminate\\Foundation\\Http\\Middleware\\VerifyCsrfToken->handle()
#27 /home/sudiprij/vmsfg5.srijal.ca/framework/vendor/laravel/framework/src/Illuminate/View/Middleware/ShareErrorsFromSession.php(49): Illuminate\\Pipeline\\Pipeline->Illuminate\\Pipeline\\{closure}()
#28 /home/sudiprij/vmsfg5.srijal.ca/framework/vendor/laravel/framework/src/Illuminate/Pipeline/Pipeline.php(180): Illuminate\\View\\Middleware\\ShareErrorsFromSession->handle()
#29 /home/sudiprij/vmsfg5.srijal.ca/framework/vendor/laravel/framework/src/Illuminate/Session/Middleware/StartSession.php(121): Illuminate\\Pipeline\\Pipeline->Illuminate\\Pipeline\\{closure}()
#30 /home/sudiprij/vmsfg5.srijal.ca/framework/vendor/laravel/framework/src/Illuminate/Session/Middleware/StartSession.php(64): Illuminate\\Session\\Middleware\\StartSession->handleStatefulRequest()
#31 /home/sudiprij/vmsfg5.srijal.ca/framework/vendor/laravel/framework/src/Illuminate/Pipeline/Pipeline.php(180): Illuminate\\Session\\Middleware\\StartSession->handle()
#32 /home/sudiprij/vmsfg5.srijal.ca/framework/vendor/laravel/framework/src/Illuminate/Cookie/Middleware/AddQueuedCookiesToResponse.php(37): Illuminate\\Pipeline\\Pipeline->Illuminate\\Pipeline\\{closure}()
#33 /home/sudiprij/vmsfg5.srijal.ca/framework/vendor/laravel/framework/src/Illuminate/Pipeline/Pipeline.php(180): Illuminate\\Cookie\\Middleware\\AddQueuedCookiesToResponse->handle()
#34 /home/sudiprij/vmsfg5.srijal.ca/framework/vendor/laravel/framework/src/Illuminate/Cookie/Middleware/EncryptCookies.php(67): Illuminate\\Pipeline\\Pipeline->Illuminate\\Pipeline\\{closure}()
#35 /home/sudiprij/vmsfg5.srijal.ca/framework/vendor/laravel/framework/src/Illuminate/Pipeline/Pipeline.php(180): Illuminate\\Cookie\\Middleware\\EncryptCookies->handle()
#36 /home/sudiprij/vmsfg5.srijal.ca/framework/vendor/laravel/framework/src/Illuminate/Pipeline/Pipeline.php(116): Illuminate\\Pipeline\\Pipeline->Illuminate\\Pipeline\\{closure}()
#37 /home/sudiprij/vmsfg5.srijal.ca/framework/vendor/laravel/framework/src/Illuminate/Routing/Router.php(798): Illuminate\\Pipeline\\Pipeline->then()
#38 /home/sudiprij/vmsfg5.srijal.ca/framework/vendor/laravel/framework/src/Illuminate/Routing/Router.php(777): Illuminate\\Routing\\Router->runRouteWithinStack()
#39 /home/sudiprij/vmsfg5.srijal.ca/framework/vendor/laravel/framework/src/Illuminate/Routing/Router.php(741): Illuminate\\Routing\\Router->runRoute()
#40 /home/sudiprij/vmsfg5.srijal.ca/framework/vendor/laravel/framework/src/Illuminate/Routing/Router.php(730): Illuminate\\Routing\\Router->dispatchToRoute()
#41 /home/sudiprij/vmsfg5.srijal.ca/framework/vendor/laravel/framework/src/Illuminate/Foundation/Http/Kernel.php(200): Illuminate\\Routing\\Router->dispatch()
#42 /home/sudiprij/vmsfg5.srijal.ca/framework/vendor/laravel/framework/src/Illuminate/Pipeline/Pipeline.php(141): Illuminate\\Foundation\\Http\\Kernel->Illuminate\\Foundation\\Http\\{closure}()
#43 /home/sudiprij/vmsfg5.srijal.ca/framework/vendor/laravel/framework/src/Illuminate/Foundation/Http/Middleware/TransformsRequest.php(21): Illuminate\\Pipeline\\Pipeline->Illuminate\\Pipeline\\{closure}()
#44 /home/sudiprij/vmsfg5.srijal.ca/framework/vendor/laravel/framework/src/Illuminate/Foundation/Http/Middleware/ConvertEmptyStringsToNull.php(31): Illuminate\\Foundation\\Http\\Middleware\\TransformsRequest->handle()
#45 /home/sudiprij/vmsfg5.srijal.ca/framework/vendor/laravel/framework/src/Illuminate/Pipeline/Pipeline.php(180): Illuminate\\Foundation\\Http\\Middleware\\ConvertEmptyStringsToNull->handle()
#46 /home/sudiprij/vmsfg5.srijal.ca/framework/vendor/laravel/framework/src/Illuminate/Foundation/Http/Middleware/TransformsRequest.php(21): Illuminate\\Pipeline\\Pipeline->Illuminate\\Pipeline\\{closure}()
#47 /home/sudiprij/vmsfg5.srijal.ca/framework/vendor/laravel/framework/src/Illuminate/Foundation/Http/Middleware/TrimStrings.php(40): Illuminate\\Foundation\\Http\\Middleware\\TransformsRequest->handle()
#48 /home/sudiprij/vmsfg5.srijal.ca/framework/vendor/laravel/framework/src/Illuminate/Pipeline/Pipeline.php(180): Illuminate\\Foundation\\Http\\Middleware\\TrimStrings->handle()
#49 /home/sudiprij/vmsfg5.srijal.ca/framework/vendor/laravel/framework/src/Illuminate/Foundation/Http/Middleware/ValidatePostSize.php(27): Illuminate\\Pipeline\\Pipeline->Illuminate\\Pipeline\\{closure}()
#50 /home/sudiprij/vmsfg5.srijal.ca/framework/vendor/laravel/framework/src/Illuminate/Pipeline/Pipeline.php(180): Illuminate\\Foundation\\Http\\Middleware\\ValidatePostSize->handle()
#51 /home/sudiprij/vmsfg5.srijal.ca/framework/vendor/laravel/framework/src/Illuminate/Foundation/Http/Middleware/PreventRequestsDuringMaintenance.php(86): Illuminate\\Pipeline\\Pipeline->Illuminate\\Pipeline\\{closure}()
#52 /home/sudiprij/vmsfg5.srijal.ca/framework/vendor/laravel/framework/src/Illuminate/Pipeline/Pipeline.php(180): Illuminate\\Foundation\\Http\\Middleware\\PreventRequestsDuringMaintenance->handle()
#53 /home/sudiprij/vmsfg5.srijal.ca/framework/vendor/laravel/framework/src/Illuminate/Pipeline/Pipeline.php(116): Illuminate\\Pipeline\\Pipeline->Illuminate\\Pipeline\\{closure}()
#54 /home/sudiprij/vmsfg5.srijal.ca/framework/vendor/laravel/framework/src/Illuminate/Foundation/Http/Kernel.php(175): Illuminate\\Pipeline\\Pipeline->then()
#55 /home/sudiprij/vmsfg5.srijal.ca/framework/vendor/laravel/framework/src/Illuminate/Foundation/Http/Kernel.php(144): Illuminate\\Foundation\\Http\\Kernel->sendRequestThroughRouter()
#56 /home/sudiprij/vmsfg5.srijal.ca/index.php(5): Illuminate\\Foundation\\Http\\Kernel->handle()
#57 {main}
"} 
[2025-06-16 17:32:08] local.ERROR: SQLSTATE[HY000] [2002] Can't connect to local server through socket '/var/lib/mysql/mysql.sock' (2) (Connection: mysql, SQL: select * from `users` where `id` = 33 and `users`.`deleted_at` is null limit 1) {"exception":"[object] (Illuminate\\Database\\QueryException(code: 2002): SQLSTATE[HY000] [2002] Can't connect to local server through socket '/var/lib/mysql/mysql.sock' (2) (Connection: mysql, SQL: select * from `users` where `id` = 33 and `users`.`deleted_at` is null limit 1) at /home/sudiprij/vmsfg5.srijal.ca/framework/vendor/laravel/framework/src/Illuminate/Database/Connection.php:795)
[stacktrace]
#0 /home/sudiprij/vmsfg5.srijal.ca/framework/vendor/laravel/framework/src/Illuminate/Database/Connection.php(755): Illuminate\\Database\\Connection->runQueryCallback()
#1 /home/sudiprij/vmsfg5.srijal.ca/framework/vendor/laravel/framework/src/Illuminate/Database/Connection.php(407): Illuminate\\Database\\Connection->run()
#2 /home/sudiprij/vmsfg5.srijal.ca/framework/vendor/laravel/framework/src/Illuminate/Database/Query/Builder.php(2747): Illuminate\\Database\\Connection->select()
#3 /home/sudiprij/vmsfg5.srijal.ca/framework/vendor/laravel/framework/src/Illuminate/Database/Query/Builder.php(2736): Illuminate\\Database\\Query\\Builder->runSelect()
#4 /home/sudiprij/vmsfg5.srijal.ca/framework/vendor/laravel/framework/src/Illuminate/Database/Query/Builder.php(3290): Illuminate\\Database\\Query\\Builder->Illuminate\\Database\\Query\\{closure}()
#5 /home/sudiprij/vmsfg5.srijal.ca/framework/vendor/laravel/framework/src/Illuminate/Database/Query/Builder.php(2735): Illuminate\\Database\\Query\\Builder->onceWithColumns()
#6 /home/sudiprij/vmsfg5.srijal.ca/framework/vendor/laravel/framework/src/Illuminate/Database/Eloquent/Builder.php(720): Illuminate\\Database\\Query\\Builder->get()
#7 /home/sudiprij/vmsfg5.srijal.ca/framework/vendor/laravel/framework/src/Illuminate/Database/Eloquent/Builder.php(704): Illuminate\\Database\\Eloquent\\Builder->getModels()
#8 /home/sudiprij/vmsfg5.srijal.ca/framework/vendor/laravel/framework/src/Illuminate/Database/Concerns/BuildsQueries.php(296): Illuminate\\Database\\Eloquent\\Builder->get()
#9 /home/sudiprij/vmsfg5.srijal.ca/framework/vendor/laravel/framework/src/Illuminate/Auth/EloquentUserProvider.php(59): Illuminate\\Database\\Eloquent\\Builder->first()
#10 /home/sudiprij/vmsfg5.srijal.ca/framework/vendor/laravel/framework/src/Illuminate/Auth/SessionGuard.php(159): Illuminate\\Auth\\EloquentUserProvider->retrieveById()
#11 /home/sudiprij/vmsfg5.srijal.ca/framework/vendor/laravel/framework/src/Illuminate/Auth/GuardHelpers.php(60): Illuminate\\Auth\\SessionGuard->user()
#12 /home/sudiprij/vmsfg5.srijal.ca/framework/vendor/laravel/framework/src/Illuminate/Auth/Middleware/Authenticate.php(76): Illuminate\\Auth\\SessionGuard->check()
#13 /home/sudiprij/vmsfg5.srijal.ca/framework/vendor/laravel/framework/src/Illuminate/Auth/Middleware/Authenticate.php(55): Illuminate\\Auth\\Middleware\\Authenticate->authenticate()
#14 /home/sudiprij/vmsfg5.srijal.ca/framework/vendor/laravel/framework/src/Illuminate/Pipeline/Pipeline.php(180): Illuminate\\Auth\\Middleware\\Authenticate->handle()
#15 /home/sudiprij/vmsfg5.srijal.ca/framework/vendor/laravel/framework/src/Illuminate/Foundation/Http/Middleware/VerifyCsrfToken.php(78): Illuminate\\Pipeline\\Pipeline->Illuminate\\Pipeline\\{closure}()
#16 /home/sudiprij/vmsfg5.srijal.ca/framework/vendor/laravel/framework/src/Illuminate/Pipeline/Pipeline.php(180): Illuminate\\Foundation\\Http\\Middleware\\VerifyCsrfToken->handle()
#17 /home/sudiprij/vmsfg5.srijal.ca/framework/vendor/laravel/framework/src/Illuminate/View/Middleware/ShareErrorsFromSession.php(49): Illuminate\\Pipeline\\Pipeline->Illuminate\\Pipeline\\{closure}()
#18 /home/sudiprij/vmsfg5.srijal.ca/framework/vendor/laravel/framework/src/Illuminate/Pipeline/Pipeline.php(180): Illuminate\\View\\Middleware\\ShareErrorsFromSession->handle()
#19 /home/sudiprij/vmsfg5.srijal.ca/framework/vendor/laravel/framework/src/Illuminate/Session/Middleware/StartSession.php(121): Illuminate\\Pipeline\\Pipeline->Illuminate\\Pipeline\\{closure}()
#20 /home/sudiprij/vmsfg5.srijal.ca/framework/vendor/laravel/framework/src/Illuminate/Session/Middleware/StartSession.php(64): Illuminate\\Session\\Middleware\\StartSession->handleStatefulRequest()
#21 /home/sudiprij/vmsfg5.srijal.ca/framework/vendor/laravel/framework/src/Illuminate/Pipeline/Pipeline.php(180): Illuminate\\Session\\Middleware\\StartSession->handle()
#22 /home/sudiprij/vmsfg5.srijal.ca/framework/vendor/laravel/framework/src/Illuminate/Cookie/Middleware/AddQueuedCookiesToResponse.php(37): Illuminate\\Pipeline\\Pipeline->Illuminate\\Pipeline\\{closure}()
#23 /home/sudiprij/vmsfg5.srijal.ca/framework/vendor/laravel/framework/src/Illuminate/Pipeline/Pipeline.php(180): Illuminate\\Cookie\\Middleware\\AddQueuedCookiesToResponse->handle()
#24 /home/sudiprij/vmsfg5.srijal.ca/framework/vendor/laravel/framework/src/Illuminate/Cookie/Middleware/EncryptCookies.php(67): Illuminate\\Pipeline\\Pipeline->Illuminate\\Pipeline\\{closure}()
#25 /home/sudiprij/vmsfg5.srijal.ca/framework/vendor/laravel/framework/src/Illuminate/Pipeline/Pipeline.php(180): Illuminate\\Cookie\\Middleware\\EncryptCookies->handle()
#26 /home/sudiprij/vmsfg5.srijal.ca/framework/vendor/laravel/framework/src/Illuminate/Pipeline/Pipeline.php(116): Illuminate\\Pipeline\\Pipeline->Illuminate\\Pipeline\\{closure}()
#27 /home/sudiprij/vmsfg5.srijal.ca/framework/vendor/laravel/framework/src/Illuminate/Routing/Router.php(798): Illuminate\\Pipeline\\Pipeline->then()
#28 /home/sudiprij/vmsfg5.srijal.ca/framework/vendor/laravel/framework/src/Illuminate/Routing/Router.php(777): Illuminate\\Routing\\Router->runRouteWithinStack()
#29 /home/sudiprij/vmsfg5.srijal.ca/framework/vendor/laravel/framework/src/Illuminate/Routing/Router.php(741): Illuminate\\Routing\\Router->runRoute()
#30 /home/sudiprij/vmsfg5.srijal.ca/framework/vendor/laravel/framework/src/Illuminate/Routing/Router.php(730): Illuminate\\Routing\\Router->dispatchToRoute()
#31 /home/sudiprij/vmsfg5.srijal.ca/framework/vendor/laravel/framework/src/Illuminate/Foundation/Http/Kernel.php(200): Illuminate\\Routing\\Router->dispatch()
#32 /home/sudiprij/vmsfg5.srijal.ca/framework/vendor/laravel/framework/src/Illuminate/Pipeline/Pipeline.php(141): Illuminate\\Foundation\\Http\\Kernel->Illuminate\\Foundation\\Http\\{closure}()
#33 /home/sudiprij/vmsfg5.srijal.ca/framework/vendor/laravel/framework/src/Illuminate/Foundation/Http/Middleware/TransformsRequest.php(21): Illuminate\\Pipeline\\Pipeline->Illuminate\\Pipeline\\{closure}()
#34 /home/sudiprij/vmsfg5.srijal.ca/framework/vendor/laravel/framework/src/Illuminate/Foundation/Http/Middleware/ConvertEmptyStringsToNull.php(31): Illuminate\\Foundation\\Http\\Middleware\\TransformsRequest->handle()
#35 /home/sudiprij/vmsfg5.srijal.ca/framework/vendor/laravel/framework/src/Illuminate/Pipeline/Pipeline.php(180): Illuminate\\Foundation\\Http\\Middleware\\ConvertEmptyStringsToNull->handle()
#36 /home/sudiprij/vmsfg5.srijal.ca/framework/vendor/laravel/framework/src/Illuminate/Foundation/Http/Middleware/TransformsRequest.php(21): Illuminate\\Pipeline\\Pipeline->Illuminate\\Pipeline\\{closure}()
#37 /home/sudiprij/vmsfg5.srijal.ca/framework/vendor/laravel/framework/src/Illuminate/Foundation/Http/Middleware/TrimStrings.php(40): Illuminate\\Foundation\\Http\\Middleware\\TransformsRequest->handle()
#38 /home/sudiprij/vmsfg5.srijal.ca/framework/vendor/laravel/framework/src/Illuminate/Pipeline/Pipeline.php(180): Illuminate\\Foundation\\Http\\Middleware\\TrimStrings->handle()
#39 /home/sudiprij/vmsfg5.srijal.ca/framework/vendor/laravel/framework/src/Illuminate/Foundation/Http/Middleware/ValidatePostSize.php(27): Illuminate\\Pipeline\\Pipeline->Illuminate\\Pipeline\\{closure}()
#40 /home/sudiprij/vmsfg5.srijal.ca/framework/vendor/laravel/framework/src/Illuminate/Pipeline/Pipeline.php(180): Illuminate\\Foundation\\Http\\Middleware\\ValidatePostSize->handle()
#41 /home/sudiprij/vmsfg5.srijal.ca/framework/vendor/laravel/framework/src/Illuminate/Foundation/Http/Middleware/PreventRequestsDuringMaintenance.php(86): Illuminate\\Pipeline\\Pipeline->Illuminate\\Pipeline\\{closure}()
#42 /home/sudiprij/vmsfg5.srijal.ca/framework/vendor/laravel/framework/src/Illuminate/Pipeline/Pipeline.php(180): Illuminate\\Foundation\\Http\\Middleware\\PreventRequestsDuringMaintenance->handle()
#43 /home/sudiprij/vmsfg5.srijal.ca/framework/vendor/laravel/framework/src/Illuminate/Pipeline/Pipeline.php(116): Illuminate\\Pipeline\\Pipeline->Illuminate\\Pipeline\\{closure}()
#44 /home/sudiprij/vmsfg5.srijal.ca/framework/vendor/laravel/framework/src/Illuminate/Foundation/Http/Kernel.php(175): Illuminate\\Pipeline\\Pipeline->then()
#45 /home/sudiprij/vmsfg5.srijal.ca/framework/vendor/laravel/framework/src/Illuminate/Foundation/Http/Kernel.php(144): Illuminate\\Foundation\\Http\\Kernel->sendRequestThroughRouter()
#46 /home/sudiprij/vmsfg5.srijal.ca/index.php(5): Illuminate\\Foundation\\Http\\Kernel->handle()
#47 {main}

[previous exception] [object] (PDOException(code: 2002): SQLSTATE[HY000] [2002] Can't connect to local server through socket '/var/lib/mysql/mysql.sock' (2) at /home/sudiprij/vmsfg5.srijal.ca/framework/vendor/laravel/framework/src/Illuminate/Database/Connectors/Connector.php:65)
[stacktrace]
#0 /home/sudiprij/vmsfg5.srijal.ca/framework/vendor/laravel/framework/src/Illuminate/Database/Connectors/Connector.php(65): PDO->__construct()
#1 /home/sudiprij/vmsfg5.srijal.ca/framework/vendor/laravel/framework/src/Illuminate/Database/Connectors/Connector.php(44): Illuminate\\Database\\Connectors\\Connector->createPdoConnection()
#2 /home/sudiprij/vmsfg5.srijal.ca/framework/vendor/laravel/framework/src/Illuminate/Database/Connectors/MySqlConnector.php(24): Illuminate\\Database\\Connectors\\Connector->createConnection()
#3 /home/sudiprij/vmsfg5.srijal.ca/framework/vendor/laravel/framework/src/Illuminate/Database/Connectors/ConnectionFactory.php(184): Illuminate\\Database\\Connectors\\MySqlConnector->connect()
#4 [internal function]: Illuminate\\Database\\Connectors\\ConnectionFactory->Illuminate\\Database\\Connectors\\{closure}()
#5 /home/sudiprij/vmsfg5.srijal.ca/framework/vendor/laravel/framework/src/Illuminate/Database/Connection.php(1275): call_user_func()
#6 /home/sudiprij/vmsfg5.srijal.ca/framework/vendor/laravel/framework/src/Illuminate/Database/Connection.php(1311): Illuminate\\Database\\Connection->getPdo()
#7 /home/sudiprij/vmsfg5.srijal.ca/framework/vendor/laravel/framework/src/Illuminate/Database/Connection.php(521): Illuminate\\Database\\Connection->getReadPdo()
#8 /home/sudiprij/vmsfg5.srijal.ca/framework/vendor/laravel/framework/src/Illuminate/Database/Connection.php(416): Illuminate\\Database\\Connection->getPdoForSelect()
#9 /home/sudiprij/vmsfg5.srijal.ca/framework/vendor/laravel/framework/src/Illuminate/Database/Connection.php(788): Illuminate\\Database\\Connection->Illuminate\\Database\\{closure}()
#10 /home/sudiprij/vmsfg5.srijal.ca/framework/vendor/laravel/framework/src/Illuminate/Database/Connection.php(755): Illuminate\\Database\\Connection->runQueryCallback()
#11 /home/sudiprij/vmsfg5.srijal.ca/framework/vendor/laravel/framework/src/Illuminate/Database/Connection.php(407): Illuminate\\Database\\Connection->run()
#12 /home/sudiprij/vmsfg5.srijal.ca/framework/vendor/laravel/framework/src/Illuminate/Database/Query/Builder.php(2747): Illuminate\\Database\\Connection->select()
#13 /home/sudiprij/vmsfg5.srijal.ca/framework/vendor/laravel/framework/src/Illuminate/Database/Query/Builder.php(2736): Illuminate\\Database\\Query\\Builder->runSelect()
#14 /home/sudiprij/vmsfg5.srijal.ca/framework/vendor/laravel/framework/src/Illuminate/Database/Query/Builder.php(3290): Illuminate\\Database\\Query\\Builder->Illuminate\\Database\\Query\\{closure}()
#15 /home/sudiprij/vmsfg5.srijal.ca/framework/vendor/laravel/framework/src/Illuminate/Database/Query/Builder.php(2735): Illuminate\\Database\\Query\\Builder->onceWithColumns()
#16 /home/sudiprij/vmsfg5.srijal.ca/framework/vendor/laravel/framework/src/Illuminate/Database/Eloquent/Builder.php(720): Illuminate\\Database\\Query\\Builder->get()
#17 /home/sudiprij/vmsfg5.srijal.ca/framework/vendor/laravel/framework/src/Illuminate/Database/Eloquent/Builder.php(704): Illuminate\\Database\\Eloquent\\Builder->getModels()
#18 /home/sudiprij/vmsfg5.srijal.ca/framework/vendor/laravel/framework/src/Illuminate/Database/Concerns/BuildsQueries.php(296): Illuminate\\Database\\Eloquent\\Builder->get()
#19 /home/sudiprij/vmsfg5.srijal.ca/framework/vendor/laravel/framework/src/Illuminate/Auth/EloquentUserProvider.php(59): Illuminate\\Database\\Eloquent\\Builder->first()
#20 /home/sudiprij/vmsfg5.srijal.ca/framework/vendor/laravel/framework/src/Illuminate/Auth/SessionGuard.php(159): Illuminate\\Auth\\EloquentUserProvider->retrieveById()
#21 /home/sudiprij/vmsfg5.srijal.ca/framework/vendor/laravel/framework/src/Illuminate/Auth/GuardHelpers.php(60): Illuminate\\Auth\\SessionGuard->user()
#22 /home/sudiprij/vmsfg5.srijal.ca/framework/vendor/laravel/framework/src/Illuminate/Auth/Middleware/Authenticate.php(76): Illuminate\\Auth\\SessionGuard->check()
#23 /home/sudiprij/vmsfg5.srijal.ca/framework/vendor/laravel/framework/src/Illuminate/Auth/Middleware/Authenticate.php(55): Illuminate\\Auth\\Middleware\\Authenticate->authenticate()
#24 /home/sudiprij/vmsfg5.srijal.ca/framework/vendor/laravel/framework/src/Illuminate/Pipeline/Pipeline.php(180): Illuminate\\Auth\\Middleware\\Authenticate->handle()
#25 /home/sudiprij/vmsfg5.srijal.ca/framework/vendor/laravel/framework/src/Illuminate/Foundation/Http/Middleware/VerifyCsrfToken.php(78): Illuminate\\Pipeline\\Pipeline->Illuminate\\Pipeline\\{closure}()
#26 /home/sudiprij/vmsfg5.srijal.ca/framework/vendor/laravel/framework/src/Illuminate/Pipeline/Pipeline.php(180): Illuminate\\Foundation\\Http\\Middleware\\VerifyCsrfToken->handle()
#27 /home/sudiprij/vmsfg5.srijal.ca/framework/vendor/laravel/framework/src/Illuminate/View/Middleware/ShareErrorsFromSession.php(49): Illuminate\\Pipeline\\Pipeline->Illuminate\\Pipeline\\{closure}()
#28 /home/sudiprij/vmsfg5.srijal.ca/framework/vendor/laravel/framework/src/Illuminate/Pipeline/Pipeline.php(180): Illuminate\\View\\Middleware\\ShareErrorsFromSession->handle()
#29 /home/sudiprij/vmsfg5.srijal.ca/framework/vendor/laravel/framework/src/Illuminate/Session/Middleware/StartSession.php(121): Illuminate\\Pipeline\\Pipeline->Illuminate\\Pipeline\\{closure}()
#30 /home/sudiprij/vmsfg5.srijal.ca/framework/vendor/laravel/framework/src/Illuminate/Session/Middleware/StartSession.php(64): Illuminate\\Session\\Middleware\\StartSession->handleStatefulRequest()
#31 /home/sudiprij/vmsfg5.srijal.ca/framework/vendor/laravel/framework/src/Illuminate/Pipeline/Pipeline.php(180): Illuminate\\Session\\Middleware\\StartSession->handle()
#32 /home/sudiprij/vmsfg5.srijal.ca/framework/vendor/laravel/framework/src/Illuminate/Cookie/Middleware/AddQueuedCookiesToResponse.php(37): Illuminate\\Pipeline\\Pipeline->Illuminate\\Pipeline\\{closure}()
#33 /home/sudiprij/vmsfg5.srijal.ca/framework/vendor/laravel/framework/src/Illuminate/Pipeline/Pipeline.php(180): Illuminate\\Cookie\\Middleware\\AddQueuedCookiesToResponse->handle()
#34 /home/sudiprij/vmsfg5.srijal.ca/framework/vendor/laravel/framework/src/Illuminate/Cookie/Middleware/EncryptCookies.php(67): Illuminate\\Pipeline\\Pipeline->Illuminate\\Pipeline\\{closure}()
#35 /home/sudiprij/vmsfg5.srijal.ca/framework/vendor/laravel/framework/src/Illuminate/Pipeline/Pipeline.php(180): Illuminate\\Cookie\\Middleware\\EncryptCookies->handle()
#36 /home/sudiprij/vmsfg5.srijal.ca/framework/vendor/laravel/framework/src/Illuminate/Pipeline/Pipeline.php(116): Illuminate\\Pipeline\\Pipeline->Illuminate\\Pipeline\\{closure}()
#37 /home/sudiprij/vmsfg5.srijal.ca/framework/vendor/laravel/framework/src/Illuminate/Routing/Router.php(798): Illuminate\\Pipeline\\Pipeline->then()
#38 /home/sudiprij/vmsfg5.srijal.ca/framework/vendor/laravel/framework/src/Illuminate/Routing/Router.php(777): Illuminate\\Routing\\Router->runRouteWithinStack()
#39 /home/sudiprij/vmsfg5.srijal.ca/framework/vendor/laravel/framework/src/Illuminate/Routing/Router.php(741): Illuminate\\Routing\\Router->runRoute()
#40 /home/sudiprij/vmsfg5.srijal.ca/framework/vendor/laravel/framework/src/Illuminate/Routing/Router.php(730): Illuminate\\Routing\\Router->dispatchToRoute()
#41 /home/sudiprij/vmsfg5.srijal.ca/framework/vendor/laravel/framework/src/Illuminate/Foundation/Http/Kernel.php(200): Illuminate\\Routing\\Router->dispatch()
#42 /home/sudiprij/vmsfg5.srijal.ca/framework/vendor/laravel/framework/src/Illuminate/Pipeline/Pipeline.php(141): Illuminate\\Foundation\\Http\\Kernel->Illuminate\\Foundation\\Http\\{closure}()
#43 /home/sudiprij/vmsfg5.srijal.ca/framework/vendor/laravel/framework/src/Illuminate/Foundation/Http/Middleware/TransformsRequest.php(21): Illuminate\\Pipeline\\Pipeline->Illuminate\\Pipeline\\{closure}()
#44 /home/sudiprij/vmsfg5.srijal.ca/framework/vendor/laravel/framework/src/Illuminate/Foundation/Http/Middleware/ConvertEmptyStringsToNull.php(31): Illuminate\\Foundation\\Http\\Middleware\\TransformsRequest->handle()
#45 /home/sudiprij/vmsfg5.srijal.ca/framework/vendor/laravel/framework/src/Illuminate/Pipeline/Pipeline.php(180): Illuminate\\Foundation\\Http\\Middleware\\ConvertEmptyStringsToNull->handle()
#46 /home/sudiprij/vmsfg5.srijal.ca/framework/vendor/laravel/framework/src/Illuminate/Foundation/Http/Middleware/TransformsRequest.php(21): Illuminate\\Pipeline\\Pipeline->Illuminate\\Pipeline\\{closure}()
#47 /home/sudiprij/vmsfg5.srijal.ca/framework/vendor/laravel/framework/src/Illuminate/Foundation/Http/Middleware/TrimStrings.php(40): Illuminate\\Foundation\\Http\\Middleware\\TransformsRequest->handle()
#48 /home/sudiprij/vmsfg5.srijal.ca/framework/vendor/laravel/framework/src/Illuminate/Pipeline/Pipeline.php(180): Illuminate\\Foundation\\Http\\Middleware\\TrimStrings->handle()
#49 /home/sudiprij/vmsfg5.srijal.ca/framework/vendor/laravel/framework/src/Illuminate/Foundation/Http/Middleware/ValidatePostSize.php(27): Illuminate\\Pipeline\\Pipeline->Illuminate\\Pipeline\\{closure}()
#50 /home/sudiprij/vmsfg5.srijal.ca/framework/vendor/laravel/framework/src/Illuminate/Pipeline/Pipeline.php(180): Illuminate\\Foundation\\Http\\Middleware\\ValidatePostSize->handle()
#51 /home/sudiprij/vmsfg5.srijal.ca/framework/vendor/laravel/framework/src/Illuminate/Foundation/Http/Middleware/PreventRequestsDuringMaintenance.php(86): Illuminate\\Pipeline\\Pipeline->Illuminate\\Pipeline\\{closure}()
#52 /home/sudiprij/vmsfg5.srijal.ca/framework/vendor/laravel/framework/src/Illuminate/Pipeline/Pipeline.php(180): Illuminate\\Foundation\\Http\\Middleware\\PreventRequestsDuringMaintenance->handle()
#53 /home/sudiprij/vmsfg5.srijal.ca/framework/vendor/laravel/framework/src/Illuminate/Pipeline/Pipeline.php(116): Illuminate\\Pipeline\\Pipeline->Illuminate\\Pipeline\\{closure}()
#54 /home/sudiprij/vmsfg5.srijal.ca/framework/vendor/laravel/framework/src/Illuminate/Foundation/Http/Kernel.php(175): Illuminate\\Pipeline\\Pipeline->then()
#55 /home/sudiprij/vmsfg5.srijal.ca/framework/vendor/laravel/framework/src/Illuminate/Foundation/Http/Kernel.php(144): Illuminate\\Foundation\\Http\\Kernel->sendRequestThroughRouter()
#56 /home/sudiprij/vmsfg5.srijal.ca/index.php(5): Illuminate\\Foundation\\Http\\Kernel->handle()
#57 {main}
"} 
